<?xml version="1.0" encoding="UTF-8"?>
<!-- Generated by org.testng.reporters.JUnitReportReporter -->
<testsuite skipped="0" hostname="JIMMYRIANO-PC" name="co.edu.uelbosque.swii.calculadoraM.NewTest" tests="11" failures="0" timestamp="10 ago 2017 04:33:07 GMT" time="0.320" errors="0">
  <testcase name="deboSumarCorrectamente" time="0.018" classname="co.edu.uelbosque.swii.calculadoraM.NewTest"/>
  <testcase name="laOperacionMultiplicacionExiste" time="0.022" classname="co.edu.uelbosque.swii.calculadoraM.NewTest"/>
  <testcase name="deboMultiplicarCorrectamente" time="0.005" classname="co.edu.uelbosque.swii.calculadoraM.NewTest"/>
  <testcase name="laOperacionRestaExiste" time="0.010" classname="co.edu.uelbosque.swii.calculadoraM.NewTest"/>
  <testcase name="deboDividirCorrectamente" time="0.089" classname="co.edu.uelbosque.swii.calculadoraM.NewTest"/>
  <testcase name="laOperacionSumaExiste" time="0.003" classname="co.edu.uelbosque.swii.calculadoraM.NewTest"/>
  <testcase name="operacionCompleta" time="0.088" classname="co.edu.uelbosque.swii.calculadoraM.NewTest"/>
  <testcase name="laOperacionDivisionExiste" time="0.018" classname="co.edu.uelbosque.swii.calculadoraM.NewTest"/>
  <testcase name="deboRestarCorrectamente" time="0.056" classname="co.edu.uelbosque.swii.calculadoraM.NewTest"/>
  <testcase name="validaNumero" time="0.004" classname="co.edu.uelbosque.swii.calculadoraM.NewTest"/>
  <testcase name="noDebeEncontrarlaOperacionPotencia" time="0.007" classname="co.edu.uelbosque.swii.calculadoraM.NewTest"/>
</testsuite> <!-- co.edu.uelbosque.swii.calculadoraM.NewTest -->
